# JRE version: OpenJDK Runtime Environment Temurin-21.0.9+10 (21.0.9+10) (build 21.0.9+10-LTS)
# Java VM: OpenJDK 64-Bit Server VM Temurin-21.0.9+10 (21.0.9+10-LTS, mixed mode, sharing, tiered, compressed oops, compressed class ptrs, parallel gc, windows-amd64)
GC Precious Log:
 CardTable entry size: 512
 CPUs: 8 total, 8 available
 Memory: 8103M
 Large Page Support: Disabled
 NUMA Support: Disabled
 Compressed Oops: Enabled (32-bit)
 Alignments: Space 512K, Generation 512K, Heap 2M
 Heap Min Capacity: 100M
 Heap Initial Capacity: 100M
 Heap Max Capacity: 2G
 Pre-touch: Disabled
 Parallel Workers: 8
Heap:
 PSYoungGen      total 22016K, used 1520K [0x00000000d5580000, 0x00000000d6f80000, 0x0000000100000000)
  eden space 20480K, 0% used [0x00000000d5580000,0x00000000d5580000,0x00000000d6980000)
  from space 1536K, 98% used [0x00000000d6980000,0x00000000d6afc110,0x00000000d6b00000)
  to   space 3072K, 0% used [0x00000000d6c80000,0x00000000d6c80000,0x00000000d6f80000)
 ParOldGen       total 68608K, used 25302K [0x0000000080000000, 0x0000000084300000, 0x00000000d5580000)
  object space 68608K, 36% used [0x0000000080000000,0x00000000818b5828,0x0000000084300000)
 Metaspace       used 34787K, committed 35840K, reserved 1114112K
  class space    used 3549K, committed 3968K, reserved 1048576K
GC Heap History (20 events):
Event: 52.461 GC heap before
{Heap before GC invocations=6 (full 0):
 PSYoungGen      total 29184K, used 29162K [0x00000000d5580000, 0x00000000d7a00000, 0x0000000100000000)
  eden space 25088K, 100% used [0x00000000d5580000,0x00000000d6e00000,0x00000000d6e00000)
  from space 4096K, 99% used [0x00000000d6e80000,0x00000000d727ab28,0x00000000d7280000)
  to   space 6144K, 0% used [0x00000000d7400000,0x00000000d7400000,0x00000000d7a00000)
 ParOldGen       total 68608K, used 8999K [0x0000000080000000, 0x0000000084300000, 0x00000000d5580000)
  object space 68608K, 13% used [0x0000000080000000,0x00000000808c9e28,0x0000000084300000)
 Metaspace       used 17569K, committed 18240K, reserved 1114112K
  class space    used 1814K, committed 2048K, reserved 1048576K
}
Event: 52.470 GC heap after
{Heap after GC invocations=6 (full 0):
 PSYoungGen      total 26624K, used 6119K [0x00000000d5580000, 0x00000000d8280000, 0x0000000100000000)
  eden space 20480K, 0% used [0x00000000d5580000,0x00000000d5580000,0x00000000d6980000)
  from space 6144K, 99% used [0x00000000d7400000,0x00000000d79f9ff0,0x00000000d7a00000)
  to   space 10752K, 0% used [0x00000000d6980000,0x00000000d6980000,0x00000000d7400000)
 ParOldGen       total 68608K, used 12655K [0x0000000080000000, 0x0000000084300000, 0x00000000d5580000)
  object space 68608K, 18% used [0x0000000080000000,0x0000000080c5be28,0x0000000084300000)
 Metaspace       used 17569K, committed 18240K, reserved 1114112K
  class space    used 1814K, committed 2048K, reserved 1048576K
}
Event: 52.757 GC heap before
{Heap before GC invocations=7 (full 0):
 PSYoungGen      total 26624K, used 26599K [0x00000000d5580000, 0x00000000d8280000, 0x0000000100000000)
  eden space 20480K, 100% used [0x00000000d5580000,0x00000000d6980000,0x00000000d6980000)
  from space 6144K, 99% used [0x00000000d7400000,0x00000000d79f9ff0,0x00000000d7a00000)
  to   space 10752K, 0% used [0x00000000d6980000,0x00000000d6980000,0x00000000d7400000)
 ParOldGen       total 68608K, used 12655K [0x0000000080000000, 0x0000000084300000, 0x00000000d5580000)
  object space 68608K, 18% used [0x0000000080000000,0x0000000080c5be28,0x0000000084300000)
 Metaspace       used 19477K, committed 20352K, reserved 1114112K
  class space    used 2026K, committed 2432K, reserved 1048576K
}
Event: 52.765 GC heap after
{Heap after GC invocations=7 (full 0):
 PSYoungGen      total 26112K, used 5558K [0x00000000d5580000, 0x00000000d7780000, 0x0000000100000000)
  eden space 20480K, 0% used [0x00000000d5580000,0x00000000d5580000,0x00000000d6980000)
  from space 5632K, 98% used [0x00000000d6980000,0x00000000d6eed978,0x00000000d6f00000)
  to   space 7168K, 0% used [0x00000000d7080000,0x00000000d7080000,0x00000000d7780000)
 ParOldGen       total 68608K, used 14131K [0x0000000080000000, 0x0000000084300000, 0x00000000d5580000)
  object space 68608K, 20% used [0x0000000080000000,0x0000000080dccdb0,0x0000000084300000)
 Metaspace       used 19477K, committed 20352K, reserved 1114112K
  class space    used 2026K, committed 2432K, reserved 1048576K
}
Event: 52.901 GC heap before
{Heap before GC invocations=8 (full 0):
 PSYoungGen      total 26112K, used 17191K [0x00000000d5580000, 0x00000000d7780000, 0x0000000100000000)
  eden space 20480K, 56% used [0x00000000d5580000,0x00000000d60dc2c0,0x00000000d6980000)
  from space 5632K, 98% used [0x00000000d6980000,0x00000000d6eed978,0x00000000d6f00000)
  to   space 7168K, 0% used [0x00000000d7080000,0x00000000d7080000,0x00000000d7780000)
 ParOldGen       total 68608K, used 14131K [0x0000000080000000, 0x0000000084300000, 0x00000000d5580000)
  object space 68608K, 20% used [0x0000000080000000,0x0000000080dccdb0,0x0000000084300000)
 Metaspace       used 20614K, committed 21504K, reserved 1114112K
  class space    used 2158K, committed 2560K, reserved 1048576K
}
Event: 52.905 GC heap after
{Heap after GC invocations=8 (full 0):
 PSYoungGen      total 25600K, used 4927K [0x00000000d5580000, 0x00000000d7580000, 0x0000000100000000)
  eden space 20480K, 0% used [0x00000000d5580000,0x00000000d5580000,0x00000000d6980000)
  from space 5120K, 96% used [0x00000000d7080000,0x00000000d754fca0,0x00000000d7580000)
  to   space 5632K, 0% used [0x00000000d6a80000,0x00000000d6a80000,0x00000000d7000000)
 ParOldGen       total 68608K, used 15196K [0x0000000080000000, 0x0000000084300000, 0x00000000d5580000)
  object space 68608K, 22% used [0x0000000080000000,0x0000000080ed7270,0x0000000084300000)
 Metaspace       used 20614K, committed 21504K, reserved 1114112K
  class space    used 2158K, committed 2560K, reserved 1048576K
}
Event: 52.905 GC heap before
{Heap before GC invocations=9 (full 1):
 PSYoungGen      total 25600K, used 4927K [0x00000000d5580000, 0x00000000d7580000, 0x0000000100000000)
  eden space 20480K, 0% used [0x00000000d5580000,0x00000000d5580000,0x00000000d6980000)
  from space 5120K, 96% used [0x00000000d7080000,0x00000000d754fca0,0x00000000d7580000)
  to   space 5632K, 0% used [0x00000000d6a80000,0x00000000d6a80000,0x00000000d7000000)
 ParOldGen       total 68608K, used 15196K [0x0000000080000000, 0x0000000084300000, 0x00000000d5580000)
  object space 68608K, 22% used [0x0000000080000000,0x0000000080ed7270,0x0000000084300000)
 Metaspace       used 20614K, committed 21504K, reserved 1114112K
  class space    used 2158K, committed 2560K, reserved 1048576K
}
Event: 52.950 GC heap after
{Heap after GC invocations=9 (full 1):
 PSYoungGen      total 25600K, used 0K [0x00000000d5580000, 0x00000000d7580000, 0x0000000100000000)
  eden space 20480K, 0% used [0x00000000d5580000,0x00000000d5580000,0x00000000d6980000)
  from space 5120K, 0% used [0x00000000d7080000,0x00000000d7080000,0x00000000d7580000)
  to   space 5632K, 0% used [0x00000000d6a80000,0x00000000d6a80000,0x00000000d7000000)
 ParOldGen       total 68608K, used 18567K [0x0000000080000000, 0x0000000084300000, 0x00000000d5580000)
  object space 68608K, 27% used [0x0000000080000000,0x0000000081221c98,0x0000000084300000)
 Metaspace       used 20601K, committed 21504K, reserved 1114112K
  class space    used 2154K, committed 2560K, reserved 1048576K
}
Event: 53.192 GC heap before
{Heap before GC invocations=10 (full 1):
 PSYoungGen      total 25600K, used 20480K [0x00000000d5580000, 0x00000000d7580000, 0x0000000100000000)
  eden space 20480K, 100% used [0x00000000d5580000,0x00000000d6980000,0x00000000d6980000)
  from space 5120K, 0% used [0x00000000d7080000,0x00000000d7080000,0x00000000d7580000)
  to   space 5632K, 0% used [0x00000000d6a80000,0x00000000d6a80000,0x00000000d7000000)
 ParOldGen       total 68608K, used 18567K [0x0000000080000000, 0x0000000084300000, 0x00000000d5580000)
  object space 68608K, 27% used [0x0000000080000000,0x0000000081221c98,0x0000000084300000)
 Metaspace       used 22456K, committed 23296K, reserved 1114112K
  class space    used 2313K, committed 2624K, reserved 1048576K
}
Event: 53.194 GC heap after
{Heap after GC invocations=10 (full 1):
 PSYoungGen      total 23552K, used 2856K [0x00000000d5580000, 0x00000000d7180000, 0x0000000100000000)
  eden space 20480K, 0% used [0x00000000d5580000,0x00000000d5580000,0x00000000d6980000)
  from space 3072K, 92% used [0x00000000d6a80000,0x00000000d6d4a200,0x00000000d6d80000)
  to   space 4096K, 0% used [0x00000000d6d80000,0x00000000d6d80000,0x00000000d7180000)
 ParOldGen       total 68608K, used 18575K [0x0000000080000000, 0x0000000084300000, 0x00000000d5580000)
  object space 68608K, 27% used [0x0000000080000000,0x0000000081223c98,0x0000000084300000)
 Metaspace       used 22456K, committed 23296K, reserved 1114112K
  class space    used 2313K, committed 2624K, reserved 1048576K
}
Event: 53.468 GC heap before
{Heap before GC invocations=11 (full 1):
 PSYoungGen      total 23552K, used 23336K [0x00000000d5580000, 0x00000000d7180000, 0x0000000100000000)
  eden space 20480K, 100% used [0x00000000d5580000,0x00000000d6980000,0x00000000d6980000)
  from space 3072K, 92% used [0x00000000d6a80000,0x00000000d6d4a200,0x00000000d6d80000)
  to   space 4096K, 0% used [0x00000000d6d80000,0x00000000d6d80000,0x00000000d7180000)
 ParOldGen       total 68608K, used 18575K [0x0000000080000000, 0x0000000084300000, 0x00000000d5580000)
  object space 68608K, 27% used [0x0000000080000000,0x0000000081223c98,0x0000000084300000)
 Metaspace       used 25527K, committed 26368K, reserved 1114112K
  class space    used 2530K, committed 2880K, reserved 1048576K
}
Event: 53.470 GC heap after
{Heap after GC invocations=11 (full 1):
 PSYoungGen      total 22016K, used 1471K [0x00000000d5580000, 0x00000000d6f00000, 0x0000000100000000)
  eden space 20480K, 0% used [0x00000000d5580000,0x00000000d5580000,0x00000000d6980000)
  from space 1536K, 95% used [0x00000000d6d80000,0x00000000d6eeff58,0x00000000d6f00000)
  to   space 2560K, 0% used [0x00000000d6a00000,0x00000000d6a00000,0x00000000d6c80000)
 ParOldGen       total 68608K, used 18575K [0x0000000080000000, 0x0000000084300000, 0x00000000d5580000)
  object space 68608K, 27% used [0x0000000080000000,0x0000000081223c98,0x0000000084300000)
 Metaspace       used 25527K, committed 26368K, reserved 1114112K
  class space    used 2530K, committed 2880K, reserved 1048576K
}
Event: 53.578 GC heap before
{Heap before GC invocations=12 (full 1):
 PSYoungGen      total 22016K, used 21951K [0x00000000d5580000, 0x00000000d6f00000, 0x0000000100000000)
  eden space 20480K, 100% used [0x00000000d5580000,0x00000000d6980000,0x00000000d6980000)
  from space 1536K, 95% used [0x00000000d6d80000,0x00000000d6eeff58,0x00000000d6f00000)
  to   space 2560K, 0% used [0x00000000d6a00000,0x00000000d6a00000,0x00000000d6c80000)
 ParOldGen       total 68608K, used 18575K [0x0000000080000000, 0x0000000084300000, 0x00000000d5580000)
  object space 68608K, 27% used [0x0000000080000000,0x0000000081223c98,0x0000000084300000)
 Metaspace       used 26903K, committed 27712K, reserved 1114112K
  class space    used 2624K, committed 2944K, reserved 1048576K
}
Event: 53.579 GC heap after
{Heap after GC invocations=12 (full 1):
 PSYoungGen      total 22528K, used 1960K [0x00000000d5580000, 0x00000000d6e80000, 0x0000000100000000)
  eden space 20480K, 0% used [0x00000000d5580000,0x00000000d5580000,0x00000000d6980000)
  from space 2048K, 95% used [0x00000000d6a00000,0x00000000d6bea2b0,0x00000000d6c00000)
  to   space 2560K, 0% used [0x00000000d6c00000,0x00000000d6c00000,0x00000000d6e80000)
 ParOldGen       total 68608K, used 19839K [0x0000000080000000, 0x0000000084300000, 0x00000000d5580000)
  object space 68608K, 28% used [0x0000000080000000,0x000000008135fcc0,0x0000000084300000)
 Metaspace       used 26903K, committed 27712K, reserved 1114112K
  class space    used 2624K, committed 2944K, reserved 1048576K
}
Event: 53.920 GC heap before
{Heap before GC invocations=13 (full 1):
 PSYoungGen      total 22528K, used 22440K [0x00000000d5580000, 0x00000000d6e80000, 0x0000000100000000)
  eden space 20480K, 100% used [0x00000000d5580000,0x00000000d6980000,0x00000000d6980000)
  from space 2048K, 95% used [0x00000000d6a00000,0x00000000d6bea2b0,0x00000000d6c00000)
  to   space 2560K, 0% used [0x00000000d6c00000,0x00000000d6c00000,0x00000000d6e80000)
 ParOldGen       total 68608K, used 19839K [0x0000000080000000, 0x0000000084300000, 0x00000000d5580000)
  object space 68608K, 28% used [0x0000000080000000,0x000000008135fcc0,0x0000000084300000)
 Metaspace       used 29496K, committed 30336K, reserved 1114112K
  class space    used 2869K, committed 3200K, reserved 1048576K
}
Event: 53.923 GC heap after
{Heap after GC invocations=13 (full 1):
 PSYoungGen      total 22528K, used 1932K [0x00000000d5580000, 0x00000000d6e00000, 0x0000000100000000)
  eden space 20480K, 0% used [0x00000000d5580000,0x00000000d5580000,0x00000000d6980000)
  from space 2048K, 94% used [0x00000000d6c00000,0x00000000d6de3168,0x00000000d6e00000)
  to   space 2048K, 0% used [0x00000000d6a00000,0x00000000d6a00000,0x00000000d6c00000)
 ParOldGen       total 68608K, used 21639K [0x0000000080000000, 0x0000000084300000, 0x00000000d5580000)
  object space 68608K, 31% used [0x0000000080000000,0x0000000081521ec0,0x0000000084300000)
 Metaspace       used 29496K, committed 30336K, reserved 1114112K
  class space    used 2869K, committed 3200K, reserved 1048576K
}
Event: 54.103 GC heap before
{Heap before GC invocations=14 (full 1):
 PSYoungGen      total 22528K, used 22412K [0x00000000d5580000, 0x00000000d6e00000, 0x0000000100000000)
  eden space 20480K, 100% used [0x00000000d5580000,0x00000000d6980000,0x00000000d6980000)
  from space 2048K, 94% used [0x00000000d6c00000,0x00000000d6de3168,0x00000000d6e00000)
  to   space 2048K, 0% used [0x00000000d6a00000,0x00000000d6a00000,0x00000000d6c00000)
 ParOldGen       total 68608K, used 21639K [0x0000000080000000, 0x0000000084300000, 0x00000000d5580000)
  object space 68608K, 31% used [0x0000000080000000,0x0000000081521ec0,0x0000000084300000)
 Metaspace       used 31565K, committed 32640K, reserved 1114112K
  class space    used 3128K, committed 3584K, reserved 1048576K
}
Event: 54.108 GC heap after
{Heap after GC invocations=14 (full 1):
 PSYoungGen      total 22016K, used 1400K [0x00000000d5580000, 0x00000000d6d80000, 0x0000000100000000)
  eden space 20480K, 0% used [0x00000000d5580000,0x00000000d5580000,0x00000000d6980000)
  from space 1536K, 91% used [0x00000000d6a00000,0x00000000d6b5e000,0x00000000d6b80000)
  to   space 2048K, 0% used [0x00000000d6b80000,0x00000000d6b80000,0x00000000d6d80000)
 ParOldGen       total 68608K, used 23350K [0x0000000080000000, 0x0000000084300000, 0x00000000d5580000)
  object space 68608K, 34% used [0x0000000080000000,0x00000000816cda88,0x0000000084300000)
 Metaspace       used 31565K, committed 32640K, reserved 1114112K
  class space    used 3128K, committed 3584K, reserved 1048576K
}
Event: 54.227 GC heap before
{Heap before GC invocations=15 (full 1):
 PSYoungGen      total 22016K, used 21880K [0x00000000d5580000, 0x00000000d6d80000, 0x0000000100000000)
  eden space 20480K, 100% used [0x00000000d5580000,0x00000000d6980000,0x00000000d6980000)
  from space 1536K, 91% used [0x00000000d6a00000,0x00000000d6b5e000,0x00000000d6b80000)
  to   space 2048K, 0% used [0x00000000d6b80000,0x00000000d6b80000,0x00000000d6d80000)
 ParOldGen       total 68608K, used 23350K [0x0000000080000000, 0x0000000084300000, 0x00000000d5580000)
  object space 68608K, 34% used [0x0000000080000000,0x00000000816cda88,0x0000000084300000)
 Metaspace       used 34061K, committed 35136K, reserved 1114112K
  class space    used 3458K, committed 3904K, reserved 1048576K
}
Event: 54.229 GC heap after
{Heap after GC invocations=15 (full 1):
 PSYoungGen      total 21504K, used 829K [0x00000000d5580000, 0x00000000d6c80000, 0x0000000100000000)
  eden space 20480K, 0% used [0x00000000d5580000,0x00000000d5580000,0x00000000d6980000)
  from space 1024K, 81% used [0x00000000d6b80000,0x00000000d6c4f690,0x00000000d6c80000)
  to   space 1536K, 0% used [0x00000000d6980000,0x00000000d6980000,0x00000000d6b00000)
 ParOldGen       total 68608K, used 24484K [0x0000000080000000, 0x0000000084300000, 0x00000000d5580000)
  object space 68608K, 35% used [0x0000000080000000,0x00000000817e9210,0x0000000084300000)
 Metaspace       used 34061K, committed 35136K, reserved 1114112K
  class space    used 3458K, committed 3904K, reserved 1048576K
}

