# JRE version: OpenJDK Runtime Environment Temurin-21.0.9+10 (21.0.9+10) (build 21.0.9+10-LTS)
# Java VM: OpenJDK 64-Bit Server VM Temurin-21.0.9+10 (21.0.9+10-LTS, mixed mode, sharing, tiered, compressed oops, compressed class ptrs, parallel gc, windows-amd64)
GC Precious Log:
 CardTable entry size: 512
 CPUs: 8 total, 8 available
 Memory: 8103M
 Large Page Support: Disabled
 NUMA Support: Disabled
 Compressed Oops: Enabled (32-bit)
 Alignments: Space 512K, Generation 512K, Heap 2M
 Heap Min Capacity: 100M
 Heap Initial Capacity: 100M
 Heap Max Capacity: 2G
 Pre-touch: Disabled
 Parallel Workers: 8
Heap:
 PSYoungGen      total 4608K, used 3316K [0x00000000d5580000, 0x00000000d5b00000, 0x0000000100000000)
  eden space 4096K, 70% used [0x00000000d5580000,0x00000000d584d190,0x00000000d5980000)
  from space 512K, 87% used [0x00000000d5a00000,0x00000000d5a70000,0x00000000d5a80000)
  to   space 512K, 0% used [0x00000000d5a80000,0x00000000d5a80000,0x00000000d5b00000)
 ParOldGen       total 99328K, used 73458K [0x0000000080000000, 0x0000000086100000, 0x00000000d5580000)
  object space 99328K, 73% used [0x0000000080000000,0x00000000847bc828,0x0000000086100000)
 Metaspace       used 58871K, committed 60288K, reserved 1114112K
  class space    used 6844K, committed 7424K, reserved 1048576K
GC Heap History (20 events):
Event: 3734.554 GC heap before
{Heap before GC invocations=101 (full 3):
 PSYoungGen      total 4608K, used 4352K [0x00000000d5580000, 0x00000000d5b00000, 0x0000000100000000)
  eden space 4096K, 100% used [0x00000000d5580000,0x00000000d5980000,0x00000000d5980000)
  from space 512K, 50% used [0x00000000d5a00000,0x00000000d5a40000,0x00000000d5a80000)
  to   space 512K, 0% used [0x00000000d5a80000,0x00000000d5a80000,0x00000000d5b00000)
 ParOldGen       total 99328K, used 72890K [0x0000000080000000, 0x0000000086100000, 0x00000000d5580000)
  object space 99328K, 73% used [0x0000000080000000,0x000000008472e808,0x0000000086100000)
 Metaspace       used 58735K, committed 60160K, reserved 1114112K
  class space    used 6839K, committed 7424K, reserved 1048576K
}
Event: 3734.574 GC heap after
{Heap after GC invocations=101 (full 3):
 PSYoungGen      total 4608K, used 256K [0x00000000d5580000, 0x00000000d5b00000, 0x0000000100000000)
  eden space 4096K, 0% used [0x00000000d5580000,0x00000000d5580000,0x00000000d5980000)
  from space 512K, 50% used [0x00000000d5a80000,0x00000000d5ac0000,0x00000000d5b00000)
  to   space 512K, 0% used [0x00000000d5a00000,0x00000000d5a00000,0x00000000d5a80000)
 ParOldGen       total 99328K, used 73018K [0x0000000080000000, 0x0000000086100000, 0x00000000d5580000)
  object space 99328K, 73% used [0x0000000080000000,0x000000008474e808,0x0000000086100000)
 Metaspace       used 58735K, committed 60160K, reserved 1114112K
  class space    used 6839K, committed 7424K, reserved 1048576K
}
Event: 3734.630 GC heap before
{Heap before GC invocations=102 (full 3):
 PSYoungGen      total 4608K, used 4352K [0x00000000d5580000, 0x00000000d5b00000, 0x0000000100000000)
  eden space 4096K, 100% used [0x00000000d5580000,0x00000000d5980000,0x00000000d5980000)
  from space 512K, 50% used [0x00000000d5a80000,0x00000000d5ac0000,0x00000000d5b00000)
  to   space 512K, 0% used [0x00000000d5a00000,0x00000000d5a00000,0x00000000d5a80000)
 ParOldGen       total 99328K, used 73018K [0x0000000080000000, 0x0000000086100000, 0x00000000d5580000)
  object space 99328K, 73% used [0x0000000080000000,0x000000008474e808,0x0000000086100000)
 Metaspace       used 58748K, committed 60160K, reserved 1114112K
  class space    used 6839K, committed 7424K, reserved 1048576K
}
Event: 3734.632 GC heap after
{Heap after GC invocations=102 (full 3):
 PSYoungGen      total 4608K, used 160K [0x00000000d5580000, 0x00000000d5b00000, 0x0000000100000000)
  eden space 4096K, 0% used [0x00000000d5580000,0x00000000d5580000,0x00000000d5980000)
  from space 512K, 31% used [0x00000000d5a00000,0x00000000d5a28000,0x00000000d5a80000)
  to   space 512K, 0% used [0x00000000d5a80000,0x00000000d5a80000,0x00000000d5b00000)
 ParOldGen       total 99328K, used 73082K [0x0000000080000000, 0x0000000086100000, 0x00000000d5580000)
  object space 99328K, 73% used [0x0000000080000000,0x000000008475e808,0x0000000086100000)
 Metaspace       used 58748K, committed 60160K, reserved 1114112K
  class space    used 6839K, committed 7424K, reserved 1048576K
}
Event: 3735.036 GC heap before
{Heap before GC invocations=103 (full 3):
 PSYoungGen      total 4608K, used 4256K [0x00000000d5580000, 0x00000000d5b00000, 0x0000000100000000)
  eden space 4096K, 100% used [0x00000000d5580000,0x00000000d5980000,0x00000000d5980000)
  from space 512K, 31% used [0x00000000d5a00000,0x00000000d5a28000,0x00000000d5a80000)
  to   space 512K, 0% used [0x00000000d5a80000,0x00000000d5a80000,0x00000000d5b00000)
 ParOldGen       total 99328K, used 73082K [0x0000000080000000, 0x0000000086100000, 0x00000000d5580000)
  object space 99328K, 73% used [0x0000000080000000,0x000000008475e808,0x0000000086100000)
 Metaspace       used 58767K, committed 60224K, reserved 1114112K
  class space    used 6840K, committed 7424K, reserved 1048576K
}
Event: 3735.037 GC heap after
{Heap after GC invocations=103 (full 3):
 PSYoungGen      total 4608K, used 192K [0x00000000d5580000, 0x00000000d5b00000, 0x0000000100000000)
  eden space 4096K, 0% used [0x00000000d5580000,0x00000000d5580000,0x00000000d5980000)
  from space 512K, 37% used [0x00000000d5a80000,0x00000000d5ab0000,0x00000000d5b00000)
  to   space 512K, 0% used [0x00000000d5a00000,0x00000000d5a00000,0x00000000d5a80000)
 ParOldGen       total 99328K, used 73098K [0x0000000080000000, 0x0000000086100000, 0x00000000d5580000)
  object space 99328K, 73% used [0x0000000080000000,0x0000000084762808,0x0000000086100000)
 Metaspace       used 58767K, committed 60224K, reserved 1114112K
  class space    used 6840K, committed 7424K, reserved 1048576K
}
Event: 3735.090 GC heap before
{Heap before GC invocations=104 (full 3):
 PSYoungGen      total 4608K, used 4288K [0x00000000d5580000, 0x00000000d5b00000, 0x0000000100000000)
  eden space 4096K, 100% used [0x00000000d5580000,0x00000000d5980000,0x00000000d5980000)
  from space 512K, 37% used [0x00000000d5a80000,0x00000000d5ab0000,0x00000000d5b00000)
  to   space 512K, 0% used [0x00000000d5a00000,0x00000000d5a00000,0x00000000d5a80000)
 ParOldGen       total 99328K, used 73098K [0x0000000080000000, 0x0000000086100000, 0x00000000d5580000)
  object space 99328K, 73% used [0x0000000080000000,0x0000000084762808,0x0000000086100000)
 Metaspace       used 58767K, committed 60224K, reserved 1114112K
  class space    used 6840K, committed 7424K, reserved 1048576K
}
Event: 3735.091 GC heap after
{Heap after GC invocations=104 (full 3):
 PSYoungGen      total 4608K, used 96K [0x00000000d5580000, 0x00000000d5b00000, 0x0000000100000000)
  eden space 4096K, 0% used [0x00000000d5580000,0x00000000d5580000,0x00000000d5980000)
  from space 512K, 18% used [0x00000000d5a00000,0x00000000d5a18000,0x00000000d5a80000)
  to   space 512K, 0% used [0x00000000d5a80000,0x00000000d5a80000,0x00000000d5b00000)
 ParOldGen       total 99328K, used 73170K [0x0000000080000000, 0x0000000086100000, 0x00000000d5580000)
  object space 99328K, 73% used [0x0000000080000000,0x0000000084774808,0x0000000086100000)
 Metaspace       used 58767K, committed 60224K, reserved 1114112K
  class space    used 6840K, committed 7424K, reserved 1048576K
}
Event: 3735.153 GC heap before
{Heap before GC invocations=105 (full 3):
 PSYoungGen      total 4608K, used 4192K [0x00000000d5580000, 0x00000000d5b00000, 0x0000000100000000)
  eden space 4096K, 100% used [0x00000000d5580000,0x00000000d5980000,0x00000000d5980000)
  from space 512K, 18% used [0x00000000d5a00000,0x00000000d5a18000,0x00000000d5a80000)
  to   space 512K, 0% used [0x00000000d5a80000,0x00000000d5a80000,0x00000000d5b00000)
 ParOldGen       total 99328K, used 73170K [0x0000000080000000, 0x0000000086100000, 0x00000000d5580000)
  object space 99328K, 73% used [0x0000000080000000,0x0000000084774808,0x0000000086100000)
 Metaspace       used 58769K, committed 60224K, reserved 1114112K
  class space    used 6840K, committed 7424K, reserved 1048576K
}
Event: 3735.153 GC heap after
{Heap after GC invocations=105 (full 3):
 PSYoungGen      total 4608K, used 32K [0x00000000d5580000, 0x00000000d5b00000, 0x0000000100000000)
  eden space 4096K, 0% used [0x00000000d5580000,0x00000000d5580000,0x00000000d5980000)
  from space 512K, 6% used [0x00000000d5a80000,0x00000000d5a88000,0x00000000d5b00000)
  to   space 512K, 0% used [0x00000000d5a00000,0x00000000d5a00000,0x00000000d5a80000)
 ParOldGen       total 99328K, used 73234K [0x0000000080000000, 0x0000000086100000, 0x00000000d5580000)
  object space 99328K, 73% used [0x0000000080000000,0x0000000084784808,0x0000000086100000)
 Metaspace       used 58769K, committed 60224K, reserved 1114112K
  class space    used 6840K, committed 7424K, reserved 1048576K
}
Event: 3735.226 GC heap before
{Heap before GC invocations=106 (full 3):
 PSYoungGen      total 4608K, used 4128K [0x00000000d5580000, 0x00000000d5b00000, 0x0000000100000000)
  eden space 4096K, 100% used [0x00000000d5580000,0x00000000d5980000,0x00000000d5980000)
  from space 512K, 6% used [0x00000000d5a80000,0x00000000d5a88000,0x00000000d5b00000)
  to   space 512K, 0% used [0x00000000d5a00000,0x00000000d5a00000,0x00000000d5a80000)
 ParOldGen       total 99328K, used 73234K [0x0000000080000000, 0x0000000086100000, 0x00000000d5580000)
  object space 99328K, 73% used [0x0000000080000000,0x0000000084784808,0x0000000086100000)
 Metaspace       used 58779K, committed 60224K, reserved 1114112K
  class space    used 6840K, committed 7424K, reserved 1048576K
}
Event: 3735.228 GC heap after
{Heap after GC invocations=106 (full 3):
 PSYoungGen      total 4608K, used 160K [0x00000000d5580000, 0x00000000d5b00000, 0x0000000100000000)
  eden space 4096K, 0% used [0x00000000d5580000,0x00000000d5580000,0x00000000d5980000)
  from space 512K, 31% used [0x00000000d5a00000,0x00000000d5a28000,0x00000000d5a80000)
  to   space 512K, 0% used [0x00000000d5a80000,0x00000000d5a80000,0x00000000d5b00000)
 ParOldGen       total 99328K, used 73242K [0x0000000080000000, 0x0000000086100000, 0x00000000d5580000)
  object space 99328K, 73% used [0x0000000080000000,0x0000000084786808,0x0000000086100000)
 Metaspace       used 58779K, committed 60224K, reserved 1114112K
  class space    used 6840K, committed 7424K, reserved 1048576K
}
Event: 3735.283 GC heap before
{Heap before GC invocations=107 (full 3):
 PSYoungGen      total 4608K, used 4256K [0x00000000d5580000, 0x00000000d5b00000, 0x0000000100000000)
  eden space 4096K, 100% used [0x00000000d5580000,0x00000000d5980000,0x00000000d5980000)
  from space 512K, 31% used [0x00000000d5a00000,0x00000000d5a28000,0x00000000d5a80000)
  to   space 512K, 0% used [0x00000000d5a80000,0x00000000d5a80000,0x00000000d5b00000)
 ParOldGen       total 99328K, used 73242K [0x0000000080000000, 0x0000000086100000, 0x00000000d5580000)
  object space 99328K, 73% used [0x0000000080000000,0x0000000084786808,0x0000000086100000)
 Metaspace       used 58779K, committed 60224K, reserved 1114112K
  class space    used 6840K, committed 7424K, reserved 1048576K
}
Event: 3735.283 GC heap after
{Heap after GC invocations=107 (full 3):
 PSYoungGen      total 4608K, used 64K [0x00000000d5580000, 0x00000000d5b00000, 0x0000000100000000)
  eden space 4096K, 0% used [0x00000000d5580000,0x00000000d5580000,0x00000000d5980000)
  from space 512K, 12% used [0x00000000d5a80000,0x00000000d5a90000,0x00000000d5b00000)
  to   space 512K, 0% used [0x00000000d5a00000,0x00000000d5a00000,0x00000000d5a80000)
 ParOldGen       total 99328K, used 73290K [0x0000000080000000, 0x0000000086100000, 0x00000000d5580000)
  object space 99328K, 73% used [0x0000000080000000,0x0000000084792808,0x0000000086100000)
 Metaspace       used 58779K, committed 60224K, reserved 1114112K
  class space    used 6840K, committed 7424K, reserved 1048576K
}
Event: 3735.340 GC heap before
{Heap before GC invocations=108 (full 3):
 PSYoungGen      total 4608K, used 4160K [0x00000000d5580000, 0x00000000d5b00000, 0x0000000100000000)
  eden space 4096K, 100% used [0x00000000d5580000,0x00000000d5980000,0x00000000d5980000)
  from space 512K, 12% used [0x00000000d5a80000,0x00000000d5a90000,0x00000000d5b00000)
  to   space 512K, 0% used [0x00000000d5a00000,0x00000000d5a00000,0x00000000d5a80000)
 ParOldGen       total 99328K, used 73290K [0x0000000080000000, 0x0000000086100000, 0x00000000d5580000)
  object space 99328K, 73% used [0x0000000080000000,0x0000000084792808,0x0000000086100000)
 Metaspace       used 58779K, committed 60224K, reserved 1114112K
  class space    used 6840K, committed 7424K, reserved 1048576K
}
Event: 3735.340 GC heap after
{Heap after GC invocations=108 (full 3):
 PSYoungGen      total 4608K, used 192K [0x00000000d5580000, 0x00000000d5b00000, 0x0000000100000000)
  eden space 4096K, 0% used [0x00000000d5580000,0x00000000d5580000,0x00000000d5980000)
  from space 512K, 37% used [0x00000000d5a00000,0x00000000d5a30000,0x00000000d5a80000)
  to   space 512K, 0% used [0x00000000d5a80000,0x00000000d5a80000,0x00000000d5b00000)
 ParOldGen       total 99328K, used 73290K [0x0000000080000000, 0x0000000086100000, 0x00000000d5580000)
  object space 99328K, 73% used [0x0000000080000000,0x0000000084792808,0x0000000086100000)
 Metaspace       used 58779K, committed 60224K, reserved 1114112K
  class space    used 6840K, committed 7424K, reserved 1048576K
}
Event: 3818.237 GC heap before
{Heap before GC invocations=109 (full 3):
 PSYoungGen      total 4608K, used 4288K [0x00000000d5580000, 0x00000000d5b00000, 0x0000000100000000)
  eden space 4096K, 100% used [0x00000000d5580000,0x00000000d5980000,0x00000000d5980000)
  from space 512K, 37% used [0x00000000d5a00000,0x00000000d5a30000,0x00000000d5a80000)
  to   space 512K, 0% used [0x00000000d5a80000,0x00000000d5a80000,0x00000000d5b00000)
 ParOldGen       total 99328K, used 73290K [0x0000000080000000, 0x0000000086100000, 0x00000000d5580000)
  object space 99328K, 73% used [0x0000000080000000,0x0000000084792808,0x0000000086100000)
 Metaspace       used 58789K, committed 60224K, reserved 1114112K
  class space    used 6842K, committed 7424K, reserved 1048576K
}
Event: 3818.249 GC heap after
{Heap after GC invocations=109 (full 3):
 PSYoungGen      total 4608K, used 320K [0x00000000d5580000, 0x00000000d5b00000, 0x0000000100000000)
  eden space 4096K, 0% used [0x00000000d5580000,0x00000000d5580000,0x00000000d5980000)
  from space 512K, 62% used [0x00000000d5a80000,0x00000000d5ad0020,0x00000000d5b00000)
  to   space 512K, 0% used [0x00000000d5a00000,0x00000000d5a00000,0x00000000d5a80000)
 ParOldGen       total 99328K, used 73290K [0x0000000080000000, 0x0000000086100000, 0x00000000d5580000)
  object space 99328K, 73% used [0x0000000080000000,0x0000000084792808,0x0000000086100000)
 Metaspace       used 58789K, committed 60224K, reserved 1114112K
  class space    used 6842K, committed 7424K, reserved 1048576K
}
Event: 3818.366 GC heap before
{Heap before GC invocations=110 (full 3):
 PSYoungGen      total 4608K, used 4416K [0x00000000d5580000, 0x00000000d5b00000, 0x0000000100000000)
  eden space 4096K, 100% used [0x00000000d5580000,0x00000000d5980000,0x00000000d5980000)
  from space 512K, 62% used [0x00000000d5a80000,0x00000000d5ad0020,0x00000000d5b00000)
  to   space 512K, 0% used [0x00000000d5a00000,0x00000000d5a00000,0x00000000d5a80000)
 ParOldGen       total 99328K, used 73290K [0x0000000080000000, 0x0000000086100000, 0x00000000d5580000)
  object space 99328K, 73% used [0x0000000080000000,0x0000000084792808,0x0000000086100000)
 Metaspace       used 58797K, committed 60224K, reserved 1114112K
  class space    used 6842K, committed 7424K, reserved 1048576K
}
Event: 3818.368 GC heap after
{Heap after GC invocations=110 (full 3):
 PSYoungGen      total 4608K, used 448K [0x00000000d5580000, 0x00000000d5b00000, 0x0000000100000000)
  eden space 4096K, 0% used [0x00000000d5580000,0x00000000d5580000,0x00000000d5980000)
  from space 512K, 87% used [0x00000000d5a00000,0x00000000d5a70000,0x00000000d5a80000)
  to   space 512K, 0% used [0x00000000d5a80000,0x00000000d5a80000,0x00000000d5b00000)
 ParOldGen       total 99328K, used 73458K [0x0000000080000000, 0x0000000086100000, 0x00000000d5580000)
  object space 99328K, 73% used [0x0000000080000000,0x00000000847bc828,0x0000000086100000)
 Metaspace       used 58797K, committed 60224K, reserved 1114112K
  class space    used 6842K, committed 7424K, reserved 1048576K
}

